<?xml version="1.0" encoding="UTF-8"?>
<!-- Generated by org.testng.reporters.JUnitReportReporter -->
<testsuite hostname="javier-rrkd" failures="0" tests="1" name="com.selenium.distribuido.CarritoComprasSauce" time="4.185" errors="0" timestamp="2025-08-01T15:11:12 GMT-04:00" skipped="0">
  <testcase classname="com.selenium.distribuido.CarritoComprasSauce" name="loginTest" time="4.185"/>
  <system-out>
    <![CDATA[Cierra navegador]]>
  </system-out>
</testsuite> <!-- com.selenium.distribuido.CarritoComprasSauce -->
