<?xml version="1.0" encoding="UTF-8"?>
<!-- Generated by org.testng.reporters.JUnitReportReporter -->
<testsuite hostname="javier-rrkd" failures="0" tests="1" name="com.selenium.javier.InicioSesionTest" time="1.016" errors="0" timestamp="2025-08-01T19:49:28 GMT-04:00" skipped="0">
  <testcase classname="com.selenium.javier.InicioSesionTest" name="loginTest" time="1.016"/>
</testsuite> <!-- com.selenium.javier.InicioSesionTest -->
