<?xml version="1.0" encoding="UTF-8"?>
<!-- Generated by org.testng.reporters.JUnitReportReporter -->
<testsuite hostname="alvaro-ix7j" failures="0" tests="2" name="com.selenium.javier.InicioSesionTest" time="1.064" errors="0" timestamp="2025-08-01T21:13:51 GMT-04:00" skipped="0">
  <testcase classname="com.selenium.javier.InicioSesionTest" name="loginTest" time="0.983"/>
  <testcase classname="com.selenium.javier.InicioSesionTest" name="agregarCarrito" time="0.081"/>
</testsuite> <!-- com.selenium.javier.InicioSesionTest -->
