<?xml version="1.0" encoding="UTF-8"?>
<!-- Generated by org.testng.reporters.JUnitReportReporter -->
<testsuite hostname="javier-rrkd" failures="0" tests="1" name="com.selenium.distribuido.CarritoComprasSauce" time="0.600" errors="0" timestamp="2025-08-01T06:16:39 GMT-04:00" skipped="0">
  <testcase classname="com.selenium.distribuido.CarritoComprasSauce" name="loginTest" time="0.600"/>
</testsuite> <!-- com.selenium.distribuido.CarritoComprasSauce -->
