<?xml version="1.0" encoding="UTF-8"?>
<!-- Generated by org.testng.reporters.JUnitReportReporter -->
<testsuite hostname="javier-rrkd" failures="0" tests="2" name="com.selenium.distribuido.CarritoComprasSauce" time="10.149" errors="0" timestamp="2025-08-01T16:46:43 GMT-04:00" skipped="0">
  <testcase classname="com.selenium.distribuido.CarritoComprasSauce" name="loginTest" time="3.364"/>
  <testcase classname="com.selenium.distribuido.CarritoComprasSauce" name="loginTest" time="6.785"/>
  <system-out>
    <![CDATA[Cierra navegador
Cierra navegador]]>
  </system-out>
</testsuite> <!-- com.selenium.distribuido.CarritoComprasSauce -->
